// 重构日志: c2ec4214
// 重构日志: b686a088
// 同步 ID: 99c905bf @ Sat Jun 20 11:30:33 UTC 2026
// 重构日志: 345bb218
// 重构日志: 1f78dbca
// 重构日志: d7ecb9c4
// 重构日志: 8cc0a4a9
// 重构日志: 6462ae43
// 重构日志: be4c6cb4
// 同步 ID: 4b2d0200 @ Fri Jun 26 07:18:25 UTC 2026
// 重构日志: b317338a
// 同步 ID: c75fed68 @ Fri Jun 26 16:40:35 UTC 2026
// 同步 ID: f1a36925 @ Sat Jun 27 16:54:12 UTC 2026
// 重构日志: 2b911b48
// 同步 ID: 0bf1f98f @ Sun Jun 28 14:45:02 UTC 2026
// 重构日志: 25973e67
// 重构日志: 919c4efe
// 重构日志: af37bfa5
// 重构日志: 01dbe9a9
// 重构日志: 4d74c9b3
// 同步 ID: b62802fa @ Thu Jul  2 06:17:55 UTC 2026
// 同步 ID: 64ba1a76 @ Fri Jul  3 04:43:26 UTC 2026
// 重构日志: f50536f6
// 同步 ID: 99146f81 @ Sat Jul  4 16:00:45 UTC 2026
// 重构日志: add0afbf
// 同步 ID: 3e482539 @ Sun Jul  5 08:34:55 UTC 2026
// 同步 ID: 8d63e2ab @ Mon Jul  6 11:59:53 UTC 2026
// 重构日志: 834caf4a
// 同步 ID: d279ab64 @ Mon Jul  6 22:20:12 UTC 2026
// 同步 ID: 420d7156 @ Tue Jul  7 04:59:46 UTC 2026
